Arguments: 
  C:\Program Files\nodejs\node.exe C:\Program Files (x86)\Yarn\bin\yarn.js

PATH: 
  C:\Program Files\Git\cmd;C:\Program Files (x86)\Common Files\Oracle\Java\javapath;C:\Users\Rajaram_Saikumarr\Downloads\cmake-3.13.2-win64-x64\bin;C:\WINDOWS\system32;C:\WINDOWS;C:\WINDOWS\System32\Wbem;C:\WINDOWS\System32\WindowsPowerShell\v1.0\;C:\WINDOWS\System32\OpenSSH\;C:\Program Files\Perforce\Helix ALM;C:\Program Files\Perforce\Helix ALM\64bitLibs;C:\Program Files\Perforce\;C:\Go\bin;C:\Program Files\nodejs\;C:\Program Files (x86)\Yarn\bin\;C:\Users\bork\AppData\Local\Microsoft\WindowsApps;C:\Users\bork\go\bin;C:\Users\bork\AppData\Roaming\npm;C:\Users\bork\AppData\Local\Yarn\bin

Yarn version: 
  1.22.0

Node version: 
  12.16.0

Platform: 
  win32 x64

Trace: 
  SyntaxError: c:\Program Files\GrafanaLabs\grafana\data\plugins\nps-panel - Kopie\package.json: Unexpected string in JSON at position 527
      at JSON.parse (<anonymous>)
      at C:\Program Files (x86)\Yarn\lib\cli.js:1625:59
      at Generator.next (<anonymous>)
      at step (C:\Program Files (x86)\Yarn\lib\cli.js:310:30)
      at C:\Program Files (x86)\Yarn\lib\cli.js:321:13

npm manifest: 
  {
    "name": "NPS for Grafana",
    "version": "1.0.0",
    "description": "Grafana Plugin for calculating the NPS",
    "main": "index.js",
    "scripts": {
      "build": "grafana-toolkit plugin:build",
      "test": "grafana-toolkit plugin:test",
      "dev": "grafana-toolkit plugin:dev",
      "watch": "grafana-toolkit plugin:dev --watch"
    },
    "repository": {
      "type": "git",
      "url": "git+https://github.com/freddibork/NPS.git"
    },
    "keywords": [
      "NPS",
      "Net",
      "Promoter",
      "Score",
      "calculate",
      "panel"
  	"plugin"
    ],
    "author": "Frederik Bork",
    "license": "Apache-2.0",
    "bugs": {
      "url": "https://github.com/freddibork/NPS/issues"
  	},
  	"devDependencies": {
  	  "grunt": "~0.4.5",
  	  "babel": "~6.5.1",
  	  "grunt-babel": "~6.0.0",
  	  "grunt-contrib-copy": "~0.8.2",
  	  "grunt-contrib-watch": "^0.6.1",
  	  "grunt-contrib-uglify": "~0.11.0",
  	  "grunt-systemjs-builder": "^0.2.5",
  	  "load-grunt-tasks": "~3.2.0",
  	  "grunt-execute": "~0.2.2",
  	  "grunt-contrib-clean": "~0.6.0",
  	  "babel-plugin-transform-es2015-modules-systemjs": "^6.5.0",
  	  "babel-preset-es2015": "^6.5.0"
  	}
  }

yarn manifest: 
  No manifest

Lockfile: 
  No lockfile
